<?xml version="1.0" encoding="UTF-8"?>
<testng-results ignored="0" total="1" passed="1" failed="0" skipped="0">
  <reporter-output>
  </reporter-output>
  <suite started-at="2023-07-28T11:03:49 IST" name="stepdef.Testrunner" finished-at="2023-07-28T11:03:58 IST" duration-ms="9025">
    <groups>
      <group name="cucumber">
        <method signature="AbstractTestNGCucumberTests.runScenario(io.cucumber.testng.PickleWrapper,io.cucumber.testng.FeatureWrapper)[pri:0, instance:stepdef.Testrunner@27ae2fd0]" name="runScenario" class="io.cucumber.testng.AbstractTestNGCucumberTests"/>
      </group> <!-- cucumber -->
    </groups>
    <test started-at="2023-07-28T11:03:49 IST" name="Command line test" finished-at="2023-07-28T11:03:58 IST" duration-ms="9025">
      <class name="stepdef.Testrunner">
        <test-method is-config="true" signature="setUpClass(org.testng.ITestContext)[pri:0, instance:stepdef.Testrunner@27ae2fd0]" started-at="2023-07-28T11:03:49 IST" name="setUpClass" finished-at="2023-07-28T11:03:50 IST" duration-ms="877" status="PASS">
          <params>
            <param index="0">
              <value>
                <![CDATA[org.testng.TestRunner@5a058be5]]>
              </value>
            </param>
          </params>
          <reporter-output>
          </reporter-output>
        </test-method> <!-- setUpClass -->
        <test-method signature="runScenario(io.cucumber.testng.PickleWrapper,io.cucumber.testng.FeatureWrapper)[pri:0, instance:stepdef.Testrunner@27ae2fd0]" started-at="2023-07-28T11:03:50 IST" name="runScenario" description="Runs Cucumber Scenarios" data-provider="scenarios" finished-at="2023-07-28T11:03:58 IST" duration-ms="7979" status="PASS">
          <params>
            <param index="0">
              <value>
                <![CDATA["Login Feature of the AmazonPrime"]]>
              </value>
            </param>
            <param index="1">
              <value>
                <![CDATA["Login Feature of the AmazonPrime"]]>
              </value>
            </param>
          </params>
          <reporter-output>
          </reporter-output>
        </test-method> <!-- runScenario -->
        <test-method is-config="true" signature="tearDownClass()[pri:0, instance:stepdef.Testrunner@27ae2fd0]" started-at="2023-07-28T11:03:58 IST" name="tearDownClass" finished-at="2023-07-28T11:03:58 IST" duration-ms="87" status="PASS">
          <reporter-output>
          </reporter-output>
        </test-method> <!-- tearDownClass -->
      </class> <!-- stepdef.Testrunner -->
    </test> <!-- Command line test -->
  </suite> <!-- stepdef.Testrunner -->
</testng-results>
