<?xml version="1.0" encoding="UTF-8"?>
<testng-results ignored="0" total="1" passed="1" failed="0" skipped="0">
  <reporter-output>
  </reporter-output>
  <suite started-at="2023-07-10T14:49:30 IST" name="Default suite" finished-at="2023-07-10T14:50:06 IST" duration-ms="36338">
    <groups>
      <group name="cucumber">
        <method signature="AbstractTestNGCucumberTests.runScenario(io.cucumber.testng.PickleWrapper,io.cucumber.testng.FeatureWrapper)[pri:0, instance:stepdef.testrunner@cc43f62]" name="runScenario" class="io.cucumber.testng.AbstractTestNGCucumberTests"/>
      </group> <!-- cucumber -->
    </groups>
    <test started-at="2023-07-10T14:49:30 IST" name="Default test" finished-at="2023-07-10T14:50:06 IST" duration-ms="36338">
      <class name="stepdef.testrunner">
        <test-method is-config="true" signature="setUpClass(org.testng.ITestContext)[pri:0, instance:stepdef.testrunner@cc43f62]" started-at="2023-07-10T14:49:30 IST" name="setUpClass" finished-at="2023-07-10T14:49:31 IST" duration-ms="939" status="PASS">
          <params>
            <param index="0">
              <value>
                <![CDATA[org.testng.TestRunner@1e7f19b4]]>
              </value>
            </param>
          </params>
          <reporter-output>
          </reporter-output>
        </test-method> <!-- setUpClass -->
        <test-method signature="runScenario(io.cucumber.testng.PickleWrapper,io.cucumber.testng.FeatureWrapper)[pri:0, instance:stepdef.testrunner@cc43f62]" started-at="2023-07-10T14:49:31 IST" name="runScenario" description="Runs Cucumber Scenarios" data-provider="scenarios" finished-at="2023-07-10T14:50:06 IST" duration-ms="35237" status="PASS">
          <params>
            <param index="0">
              <value>
                <![CDATA["Login Feature of the AmazonPrime"]]>
              </value>
            </param>
            <param index="1">
              <value>
                <![CDATA["Login Feature of the AmazonPrime"]]>
              </value>
            </param>
          </params>
          <reporter-output>
          </reporter-output>
        </test-method> <!-- runScenario -->
        <test-method is-config="true" signature="tearDownClass()[pri:0, instance:stepdef.testrunner@cc43f62]" started-at="2023-07-10T14:50:06 IST" name="tearDownClass" finished-at="2023-07-10T14:50:06 IST" duration-ms="80" status="PASS">
          <reporter-output>
          </reporter-output>
        </test-method> <!-- tearDownClass -->
      </class> <!-- stepdef.testrunner -->
    </test> <!-- Default test -->
  </suite> <!-- Default suite -->
</testng-results>
